Thu Jan 21 23:34:53 PST 2021
MaxEnt version 3.4.3
Reading file absence
readGrid: max memory 536870912, total allocated 536870912, free 366955792, used 169915120, increment 22020096
Reading samples from presence
Read samples: max memory 536870912, total allocated 536870912, free 366429456, used 170441456, increment 526336
Adding samples to background in feature space
Command line used:  autorun -e /Users/bbest/github/gvtp/data/models/landscape.g_pres.mx/absence -o /Users/bbest/github/gvtp/data/models/landscape.g_pres.mx -s /Users/bbest/github/gvtp/data/models/landscape.g_pres.mx/presence -z
Command line to repeat: java density.MaxEnt nowarnings noprefixes outputdirectory=/Users/bbest/github/gvtp/data/models/landscape.g_pres.mx samplesfile=/Users/bbest/github/gvtp/data/models/landscape.g_pres.mx/presence environmentallayers=/Users/bbest/github/gvtp/data/models/landscape.g_pres.mx/absence autorun novisible
Species: species
Layers: asp_cir bare dstrb_cir slp_deg_cir slp_pos
Layertypes: Continuous Continuous Continuous Continuous Continuous
outputdirectory: /Users/bbest/github/gvtp/data/models/landscape.g_pres.mx
samplesfile: /Users/bbest/github/gvtp/data/models/landscape.g_pres.mx/presence
environmentallayers: /Users/bbest/github/gvtp/data/models/landscape.g_pres.mx/absence
autorun: true
visible: false

getSamples: max memory 536870912, total allocated 536870912, free 366429456, used 170441456, increment 0
Making features
makeFeatures: max memory 536870912, total allocated 536870912, free 366429456, used 170441456, increment 0
species: 
Regularization values: linear/quadratic/product: 0.543, categorical: 0.286, threshold: 1.840, hinge: 0.500
16 samples
Density: max memory 536870912, total allocated 536870912, free 366429456, used 170441456, increment 0
linearPredictor: max memory 536870912, total allocated 536870912, free 366429456, used 170441456, increment 0
FeaturedSpace: max memory 536870912, total allocated 536870912, free 366429456, used 170441456, increment 0
Sequential: max memory 536870912, total allocated 536870912, free 366429456, used 170441456, increment 0
Initial loss: 3.4657359027997265
140: time = 0.004000 loss = 3.324656
Resulting gain: 0.14107992516097356
Projecting...
Writing file /Users/bbest/github/gvtp/data/models/landscape.g_pres.mx/species.csv
Ending
