Thu Jan 21 23:34:44 PST 2021
MaxEnt version 3.4.3
Reading file absence
readGrid: max memory 536870912, total allocated 536870912, free 388975888, used 147895024, increment 74448896
Reading samples from presence
Read samples: max memory 536870912, total allocated 536870912, free 388975888, used 147895024, increment 0
Adding samples to background in feature space
Command line used:  autorun -e /Users/bbest/github/gvtp/data/models/biotic.g_pres.mx/absence -o /Users/bbest/github/gvtp/data/models/biotic.g_pres.mx -s /Users/bbest/github/gvtp/data/models/biotic.g_pres.mx/presence -z
Command line to repeat: java density.MaxEnt nowarnings noprefixes outputdirectory=/Users/bbest/github/gvtp/data/models/biotic.g_pres.mx samplesfile=/Users/bbest/github/gvtp/data/models/biotic.g_pres.mx/presence environmentallayers=/Users/bbest/github/gvtp/data/models/biotic.g_pres.mx/absence autorun novisible
Species: species
Layers: hrb_ht nonnativ plant wt_g
Layertypes: Continuous Continuous Continuous Continuous
outputdirectory: /Users/bbest/github/gvtp/data/models/biotic.g_pres.mx
samplesfile: /Users/bbest/github/gvtp/data/models/biotic.g_pres.mx/presence
environmentallayers: /Users/bbest/github/gvtp/data/models/biotic.g_pres.mx/absence
autorun: true
visible: false

getSamples: max memory 536870912, total allocated 536870912, free 388975888, used 147895024, increment 0
Making features
makeFeatures: max memory 536870912, total allocated 536870912, free 388975888, used 147895024, increment 0
species: 
Regularization values: linear/quadratic/product: 0.481, categorical: 0.250, threshold: 1.820, hinge: 0.500
18 samples
Density: max memory 536870912, total allocated 536870912, free 388975888, used 147895024, increment 0
linearPredictor: max memory 536870912, total allocated 536870912, free 388975888, used 147895024, increment 0
FeaturedSpace: max memory 536870912, total allocated 536870912, free 388975888, used 147895024, increment 0
Sequential: max memory 536870912, total allocated 536870912, free 388975888, used 147895024, increment 0
Initial loss: 3.4657359027997265
120: time = 0.006000 loss = 3.261725
Resulting gain: 0.2040112683131099
Projecting...
Writing file /Users/bbest/github/gvtp/data/models/biotic.g_pres.mx/species.csv
Ending
